#
# There is insufficient memory for the Java Runtime Environment to continue.
# Native memory allocation (mmap) failed to map 117440512 bytes for G1 virtual space
# Possible reasons:
#   The system is out of physical RAM or swap space
#   The process is running with CompressedOops enabled, and the Java Heap may be blocking the growth of the native heap
# Possible solutions:
#   Reduce memory load on the system
#   Increase physical memory or swap space
#   Check if swap backing store is full
#   Decrease Java heap size (-Xmx/-Xms)
#   Decrease number of Java threads
#   Decrease Java thread stack sizes (-Xss)
#   Set larger code cache with -XX:ReservedCodeCacheSize=
#   JVM is running with Unscaled Compressed Oops mode in which the Java heap is
#     placed in the first 4GB address space. The Java Heap base address is the
#     maximum limit for the native heap growth. Please use -XX:HeapBaseMinAddress
#     to set the Java Heap base and to place the Java Heap above 4GB virtual address.
# This output file may be truncated or incomplete.
#
#  Out of Memory Error (os_windows.cpp:3550), pid=8404, tid=5396
#
# JRE version:  (17.0.8+9) (build )
# Java VM: Java HotSpot(TM) 64-Bit Server VM (17.0.8+9-LTS-211, mixed mode, sharing, tiered, compressed oops, compressed class ptrs, g1 gc, windows-amd64)
# No core dump will be written. Minidumps are not enabled by default on client versions of Windows
#

---------------  S U M M A R Y ------------

Command Line: -Dfile.encoding=UTF-8 logic.LookingPlace

Host: AMD Ryzen 3 2200U with Radeon Vega Mobile Gfx  , 4 cores, 6G,  Windows 10 , 64 bit Build 19041 (10.0.19041.3393)
Time: Fri Oct 13 16:23:40 2023 Hora estándar, América Central elapsed time: 0.029363 seconds (0d 0h 0m 0s)

---------------  T H R E A D  ---------------

Current thread (0x0000021224b12e60):  JavaThread "Unknown thread" [_thread_in_vm, id=5396, stack(0x0000009c98c00000,0x0000009c98d00000)]

Stack: [0x0000009c98c00000,0x0000009c98d00000]
Native frames: (J=compiled Java code, j=interpreted, Vv=VM code, C=native code)
V  [jvm.dll+0x677d0a]
V  [jvm.dll+0x7d8c54]
V  [jvm.dll+0x7da3fe]
V  [jvm.dll+0x7daa63]
V  [jvm.dll+0x245c5f]
V  [jvm.dll+0x674bb9]
V  [jvm.dll+0x6694f2]
V  [jvm.dll+0x3031d6]
V  [jvm.dll+0x30a756]
V  [jvm.dll+0x359f9e]
V  [jvm.dll+0x35a1cf]
V  [jvm.dll+0x2da3e8]
V  [jvm.dll+0x2db354]
V  [jvm.dll+0x7aa711]
V  [jvm.dll+0x367b51]
V  [jvm.dll+0x789979]
V  [jvm.dll+0x3eb05f]
V  [jvm.dll+0x3ecae1]
C  [jli.dll+0x5297]
C  [ucrtbase.dll+0x21bb2]
C  [KERNEL32.DLL+0x17344]
C  [ntdll.dll+0x526b1]


---------------  P R O C E S S  ---------------

Threads class SMR info:
_java_thread_list=0x00007ff9285459d8, length=0, elements={
}

Java Threads: ( => current thread )

Other Threads:
  0x0000021224b65460 GCTaskThread "GC Thread#0" [stack: 0x0000009c98d00000,0x0000009c98e00000] [id=3784]
  0x0000021224b73f70 ConcurrentGCThread "G1 Main Marker" [stack: 0x0000009c98e00000,0x0000009c98f00000] [id=9856]
  0x0000021224b74890 ConcurrentGCThread "G1 Conc#0" [stack: 0x0000009c98f00000,0x0000009c99000000] [id=8852]

[error occurred during error reporting (printing all threads), id 0xc0000005, EXCEPTION_ACCESS_VIOLATION (0xc0000005) at pc=0x00007ff927d7b047]

VM state: not at safepoint (not fully initialized)

VM Mutex/Monitor currently owned by a thread:  ([mutex/lock_event])
[0x0000021224b0f8a0] Heap_lock - owner thread: 0x0000021224b12e60

Heap address: 0x0000000091a00000, size: 1766 MB, Compressed Oops mode: 32-bit

CDS archive(s) mapped at: [0x0000000000000000-0x0000000000000000-0x0000000000000000), size 0, SharedBaseAddress: 0x0000000800000000, ArchiveRelocationMode: 1.
Narrow klass base: 0x0000000000000000, Narrow klass shift: 0, Narrow klass range: 0x0

GC Precious Log:
<Empty>

Heap:
 garbage-first heap   total 0K, used 0K [0x0000000091a00000, 0x0000000100000000)
  region size 1024K, 0 young (0K), 0 survivors (0K)

[error occurred during error reporting (printing heap information), id 0xc0000005, EXCEPTION_ACCESS_VIOLATION (0xc0000005) at pc=0x00007ff928161499]

GC Heap History (0 events):
No events

Deoptimization events (0 events):
No events

Classes unloaded (0 events):
No events

Classes redefined (0 events):
No events

Internal exceptions (0 events):
No events

VM Operations (0 events):
No events

Events (1 events):
Event: 0.016 Loaded shared library C:\Program Files\Java\jdk-17\bin\java.dll


Dynamic libraries:
0x00007ff6a7810000 - 0x00007ff6a7820000 	C:\Program Files\Java\jdk-17\bin\java.exe
0x00007ff98c250000 - 0x00007ff98c448000 	C:\WINDOWS\SYSTEM32\ntdll.dll
0x00007ff98b590000 - 0x00007ff98b64d000 	C:\WINDOWS\System32\KERNEL32.DLL
0x00007ff989930000 - 0x00007ff989c26000 	C:\WINDOWS\System32\KERNELBASE.dll
0x00007ff98a060000 - 0x00007ff98a160000 	C:\WINDOWS\System32\ucrtbase.dll
0x00007ff967930000 - 0x00007ff96794b000 	C:\Program Files\Java\jdk-17\bin\VCRUNTIME140.dll
0x00007ff978950000 - 0x00007ff978969000 	C:\Program Files\Java\jdk-17\bin\jli.dll
0x00007ff98b6e0000 - 0x00007ff98b78e000 	C:\WINDOWS\System32\ADVAPI32.dll
0x00007ff98c050000 - 0x00007ff98c0ee000 	C:\WINDOWS\System32\msvcrt.dll
0x00007ff98b860000 - 0x00007ff98b8fc000 	C:\WINDOWS\System32\sechost.dll
0x00007ff98a310000 - 0x00007ff98a436000 	C:\WINDOWS\System32\RPCRT4.dll
0x00007ff98be90000 - 0x00007ff98c02e000 	C:\WINDOWS\System32\USER32.dll
0x00007ff98a030000 - 0x00007ff98a052000 	C:\WINDOWS\System32\win32u.dll
0x00007ff98b6b0000 - 0x00007ff98b6dc000 	C:\WINDOWS\System32\GDI32.dll
0x00007ff971010000 - 0x00007ff9712aa000 	C:\WINDOWS\WinSxS\amd64_microsoft.windows.common-controls_6595b64144ccf1df_6.0.19041.1110_none_60b5254171f9507e\COMCTL32.dll
0x00007ff989ce0000 - 0x00007ff989dfa000 	C:\WINDOWS\System32\gdi32full.dll
0x00007ff989e00000 - 0x00007ff989e9d000 	C:\WINDOWS\System32\msvcp_win.dll
0x00007ff97e9c0000 - 0x00007ff97e9ca000 	C:\WINDOWS\SYSTEM32\VERSION.dll
0x00007ff98a440000 - 0x00007ff98a470000 	C:\WINDOWS\System32\IMM32.DLL
0x00007ff9765e0000 - 0x00007ff9765ec000 	C:\Program Files\Java\jdk-17\bin\vcruntime140_1.dll
0x00007ff9679a0000 - 0x00007ff967a2e000 	C:\Program Files\Java\jdk-17\bin\msvcp140.dll
0x00007ff927a90000 - 0x00007ff92866e000 	C:\Program Files\Java\jdk-17\bin\server\jvm.dll
0x00007ff98a630000 - 0x00007ff98a638000 	C:\WINDOWS\System32\PSAPI.DLL
0x00007ff972550000 - 0x00007ff972559000 	C:\WINDOWS\SYSTEM32\WSOCK32.dll
0x00007ff98be20000 - 0x00007ff98be8b000 	C:\WINDOWS\System32\WS2_32.dll
0x00007ff97e990000 - 0x00007ff97e9b7000 	C:\WINDOWS\SYSTEM32\WINMM.dll
0x00007ff987780000 - 0x00007ff987792000 	C:\WINDOWS\SYSTEM32\kernel.appcore.dll
0x00007ff972700000 - 0x00007ff97270a000 	C:\Program Files\Java\jdk-17\bin\jimage.dll
0x00007ff9814c0000 - 0x00007ff9816a4000 	C:\WINDOWS\SYSTEM32\DBGHELP.DLL
0x00007ff97e7c0000 - 0x00007ff97e7f4000 	C:\WINDOWS\SYSTEM32\dbgcore.DLL
0x00007ff98a1d0000 - 0x00007ff98a252000 	C:\WINDOWS\System32\bcryptPrimitives.dll
0x00007ff9678c0000 - 0x00007ff9678e5000 	C:\Program Files\Java\jdk-17\bin\java.dll

dbghelp: loaded successfully - version: 4.0.5 - missing functions: none
symbol engine: initialized successfully - sym options: 0x614 - pdb path: .;C:\Program Files\Java\jdk-17\bin;C:\WINDOWS\SYSTEM32;C:\WINDOWS\WinSxS\amd64_microsoft.windows.common-controls_6595b64144ccf1df_6.0.19041.1110_none_60b5254171f9507e;C:\Program Files\Java\jdk-17\bin\server

VM Arguments:
jvm_args: -Dfile.encoding=UTF-8 
java_command: logic.LookingPlace
java_class_path (initial): C:\Users\Oscar Carpio\Desktop\Erick\Ciclo02-2023\Declarativa\Tarea 1\tarea1_Declarativa\LookingPlace\commons-logging-1.1.3.jar;C:\Users\Oscar Carpio\Desktop\Erick\Ciclo02-2023\Declarativa\Tarea 1\tarea1_Declarativa\LookingPlace\jxmapviewer2-2.5.jar;C:\Users\Oscar Carpio\Desktop\Erick\Ciclo02-2023\Declarativa\Tarea 1\tarea1_Declarativa\LookingPlace\graphhopper lib\commons-compiler-3.1.2.jar;C:\Users\Oscar Carpio\Desktop\Erick\Ciclo02-2023\Declarativa\Tarea 1\tarea1_Declarativa\LookingPlace\graphhopper lib\commons-io-1.3.1.jar;C:\Users\Oscar Carpio\Desktop\Erick\Ciclo02-2023\Declarativa\Tarea 1\tarea1_Declarativa\LookingPlace\graphhopper lib\graphhopper-core-5.3.jar;C:\Users\Oscar Carpio\Desktop\Erick\Ciclo02-2023\Declarativa\Tarea 1\tarea1_Declarativa\LookingPlace\graphhopper lib\graphhopper-web-api-5.3.jar;C:\Users\Oscar Carpio\Desktop\Erick\Ciclo02-2023\Declarativa\Tarea 1\tarea1_Declarativa\LookingPlace\graphhopper lib\hppc-0.8.1.jar;C:\Users\Oscar Carpio\Desktop\Erick\Ciclo02-2023\Declarativa\Tarea 1\tarea1_Declarativa\LookingPlace\graphhopper lib\jackson-annotations-2.10.5.jar;C:\Users\Oscar Carpio\Desktop\Erick\Ciclo02-2023\Declarativa\Tarea 1\tarea1_Declarativa\LookingPlace\graphhopper lib\jackson-core-2.10.5.jar;C:\Users\Oscar Carpio\Desktop\Erick\Ciclo02-2023\Declarativa\Tarea 1\tarea1_Declarativa\LookingPlace\graphhopper lib\jackson-databind-2.10.5.1.jar;C:\Users\Oscar Carpio\Desktop\Erick\Ciclo02-2023\Declarativa\Tarea 1\tarea1_Declarativa\LookingPlace\graphhopper lib\jackson-dataformat-xml-2.10.5.jar;C:\Users\Oscar Carpio\Desktop\Erick\Ciclo02-2023\Declarativa\Tarea 1\tarea1_Declarativa\LookingPlace\graphhopper lib\jackson-datatype-jts-0.12-2.5-1.jar;C:\Users\Oscar Carpio\Desktop\Erick\Ciclo02-2023\Declarativa\Tarea 1\tarea1_Declarativa\LookingPlace\graphhopper lib\jackson-module-jaxb-annotations-2.10.5.jar;C:\Users\Oscar Carpio\Desktop\Erick\Ciclo02-2023\Declarativa\Tarea 1\tarea1_Declarativa\LookingPlace\graphhopper lib\jaka
Launcher Type: SUN_STANDARD

[Global flags]
     intx CICompilerCount                          = 3                                         {product} {ergonomic}
     uint ConcGCThreads                            = 1                                         {product} {ergonomic}
     uint G1ConcRefinementThreads                  = 4                                         {product} {ergonomic}
   size_t G1HeapRegionSize                         = 1048576                                   {product} {ergonomic}
    uintx GCDrainStackTargetSize                   = 64                                        {product} {ergonomic}
   size_t InitialHeapSize                          = 117440512                                 {product} {ergonomic}
   size_t MarkStackSize                            = 4194304                                   {product} {ergonomic}
   size_t MaxHeapSize                              = 1851785216                                {product} {ergonomic}
   size_t MinHeapDeltaBytes                        = 1048576                                   {product} {ergonomic}
   size_t MinHeapSize                              = 8388608                                   {product} {ergonomic}
    uintx NonNMethodCodeHeapSize                   = 5832780                                {pd product} {ergonomic}
    uintx NonProfiledCodeHeapSize                  = 122912730                              {pd product} {ergonomic}
    uintx ProfiledCodeHeapSize                     = 122912730                              {pd product} {ergonomic}
    uintx ReservedCodeCacheSize                    = 251658240                              {pd product} {ergonomic}
     bool SegmentedCodeCache                       = true                                      {product} {ergonomic}
   size_t SoftMaxHeapSize                          = 1851785216                             {manageable} {ergonomic}
     bool UseCompressedClassPointers               = true                           {product lp64_product} {ergonomic}
     bool UseCompressedOops                        = true                           {product lp64_product} {ergonomic}
     bool UseG1GC                                  = true                                      {product} {ergonomic}
     bool UseLargePagesIndividualAllocation        = false                                  {pd product} {ergonomic}

Logging:
Log output configuration:
 #0: stdout all=warning uptime,level,tags
 #1: stderr all=off uptime,level,tags

Environment Variables:
PATH=C:\Program Files\Common Files\Oracle\Java\javapath;C:\Python310\Scripts\;C:\Python310\;C:\Oracle\WINDOWS.X64_193000_db_home\bin;C:\WINDOWS\system32;C:\WINDOWS;C:\WINDOWS\System32\Wbem;C:\WINDOWS\System32\WindowsPowerShell\v1.0\;C:\WINDOWS\System32\OpenSSH\;C:\Program Files\dotnet\;C:\Program Files\Git\cmd;C:\ProgramData\chocolatey\bin;C:\Program Files\nodejs\;C:\NASM;C:\MinGW\bin;C:\Program Files (x86)\DOSBox-0.74-3;C:\Users\Oscar Carpio\Desktop\vckp\vcpkg;C:\PuTTY\;C:\Gradle\gradle-8.1.1\bin;C:\Program Files\swipl\bin;C:\Users\Oscar Carpio\AppData\Local\Microsoft\WindowsApps;C:\Program Files\JetBrains\JetBrains Rider 2021.1.2\bin;;C:\Program Files\Azure Data Studio\bin;C:\Users\Oscar Carpio\AppData\Roaming\npm;C:\Program Files\MongoDB\Server\5.0\bin;C:\Users\Oscar Carpio\.dotnet\tools;C:\Program Files\heroku\bin;C:\MinGW\bin;C:\Microsoft VS Code\bin;C:\Program Files\JetBrains\GoLand 2023.2.2\bin;
USERNAME=Oscar Carpio
OS=Windows_NT
PROCESSOR_IDENTIFIER=AMD64 Family 23 Model 17 Stepping 0, AuthenticAMD



---------------  S Y S T E M  ---------------

OS:
 Windows 10 , 64 bit Build 19041 (10.0.19041.3393)
OS uptime: 0 days 0:26 hours
Hyper-V role detected

CPU: total 4 (initial active 4) (4 cores per cpu, 2 threads per core) family 23 model 17 stepping 0 microcode 0x0, cx8, cmov, fxsr, ht, mmx, 3dnowpref, sse, sse2, sse3, ssse3, sse4a, sse4.1, sse4.2, popcnt, lzcnt, tsc, tscinvbit, avx, avx2, aes, clmul, bmi1, bmi2, adx, sha, fma, vzeroupper, clflush, clflushopt, hv

Memory: 4k page, system-wide physical 7061M (1085M free)
TotalPageFile size 8061M (AvailPageFile size 47M)
current process WorkingSet (physical memory assigned to process): 10M, peak: 10M
current process commit charge ("private bytes"): 51M, peak: 163M

vm_info: Java HotSpot(TM) 64-Bit Server VM (17.0.8+9-LTS-211) for windows-amd64 JRE (17.0.8+9-LTS-211), built on Jun 14 2023 10:34:31 by "mach5one" with MS VC++ 17.1 (VS2022)

END.
