#
# There is insufficient memory for the Java Runtime Environment to continue.
# Native memory allocation (malloc) failed to allocate 856256 bytes for Chunk::new
# Possible reasons:
#   The system is out of physical RAM or swap space
#   The process is running with CompressedOops enabled, and the Java Heap may be blocking the growth of the native heap
# Possible solutions:
#   Reduce memory load on the system
#   Increase physical memory or swap space
#   Check if swap backing store is full
#   Decrease Java heap size (-Xmx/-Xms)
#   Decrease number of Java threads
#   Decrease Java thread stack sizes (-Xss)
#   Set larger code cache with -XX:ReservedCodeCacheSize=
#   JVM is running with Unscaled Compressed Oops mode in which the Java heap is
#     placed in the first 4GB address space. The Java Heap base address is the
#     maximum limit for the native heap growth. Please use -XX:HeapBaseMinAddress
#     to set the Java Heap base and to place the Java Heap above 4GB virtual address.
# This output file may be truncated or incomplete.
#
#  Out of Memory Error (arena.cpp:189), pid=4512, tid=3216
#
# JRE version: Java(TM) SE Runtime Environment (17.0.8+9) (build 17.0.8+9-LTS-211)
# Java VM: Java HotSpot(TM) 64-Bit Server VM (17.0.8+9-LTS-211, mixed mode, sharing, tiered, compressed oops, compressed class ptrs, g1 gc, windows-amd64)
# No core dump will be written. Minidumps are not enabled by default on client versions of Windows
#

---------------  S U M M A R Y ------------

Command Line: -Dfile.encoding=UTF-8 logic.LookingPlace

Host: AMD Ryzen 3 2200U with Radeon Vega Mobile Gfx  , 4 cores, 6G,  Windows 10 , 64 bit Build 19041 (10.0.19041.3393)
Time: Fri Oct 13 16:23:06 2023 Hora estándar, América Central elapsed time: 6.586750 seconds (0d 0h 0m 6s)

---------------  T H R E A D  ---------------

Current thread (0x000001cbfc0e9380):  JavaThread "C2 CompilerThread0" daemon [_thread_in_native, id=3216, stack(0x000000b357600000,0x000000b357700000)]


Current CompileTask:
C2:   6586 1254       4       sun.util.locale.BaseLocale::getInstance (149 bytes)

Stack: [0x000000b357600000,0x000000b357700000]
Native frames: (J=compiled Java code, j=interpreted, Vv=VM code, C=native code)
V  [jvm.dll+0x677d0a]
V  [jvm.dll+0x7d8c54]
V  [jvm.dll+0x7da3fe]
V  [jvm.dll+0x7daa63]
V  [jvm.dll+0x245c5f]
V  [jvm.dll+0xaaa6b]
V  [jvm.dll+0xab00c]
V  [jvm.dll+0x361e8e]
V  [jvm.dll+0x32c551]
V  [jvm.dll+0x32b9ea]
V  [jvm.dll+0x217fff]
V  [jvm.dll+0x217431]
V  [jvm.dll+0x1a3af0]
V  [jvm.dll+0x2270be]
V  [jvm.dll+0x22535b]
V  [jvm.dll+0x78e7bc]
V  [jvm.dll+0x788bba]
V  [jvm.dll+0x676b35]
C  [ucrtbase.dll+0x21bb2]
C  [KERNEL32.DLL+0x17344]
C  [ntdll.dll+0x526b1]


---------------  P R O C E S S  ---------------

Threads class SMR info:
_java_thread_list=0x000001cbfd771130, length=19, elements={
0x000001cbfc0d2ed0, 0x000001cbfc0d3d40, 0x000001cbfc0e4c40, 0x000001cbfc0e7610,
0x000001cbfc0e7ed0, 0x000001cbfc0e8790, 0x000001cbfc0e9380, 0x000001cbfc1507f0,
0x000001cbfc152d10, 0x000001cbfc345310, 0x000001cbfc351ab0, 0x000001cbfc517790,
0x000001cbdf202790, 0x000001cbfc677c90, 0x000001cbfc67ac20, 0x000001cbfc67dbb0,
0x000001cbfc620810, 0x000001cbfd633dd0, 0x000001cbfd7f69f0
}

Java Threads: ( => current thread )
  0x000001cbfc0d2ed0 JavaThread "Reference Handler" daemon [_thread_blocked, id=9400, stack(0x000000b357000000,0x000000b357100000)]
  0x000001cbfc0d3d40 JavaThread "Finalizer" daemon [_thread_blocked, id=3264, stack(0x000000b357100000,0x000000b357200000)]
  0x000001cbfc0e4c40 JavaThread "Signal Dispatcher" daemon [_thread_blocked, id=9616, stack(0x000000b357200000,0x000000b357300000)]
  0x000001cbfc0e7610 JavaThread "Attach Listener" daemon [_thread_blocked, id=7376, stack(0x000000b357300000,0x000000b357400000)]
  0x000001cbfc0e7ed0 JavaThread "Service Thread" daemon [_thread_blocked, id=10144, stack(0x000000b357400000,0x000000b357500000)]
  0x000001cbfc0e8790 JavaThread "Monitor Deflation Thread" daemon [_thread_blocked, id=4456, stack(0x000000b357500000,0x000000b357600000)]
=>0x000001cbfc0e9380 JavaThread "C2 CompilerThread0" daemon [_thread_in_native, id=3216, stack(0x000000b357600000,0x000000b357700000)]
  0x000001cbfc1507f0 JavaThread "C1 CompilerThread0" daemon [_thread_blocked, id=8452, stack(0x000000b357700000,0x000000b357800000)]
  0x000001cbfc152d10 JavaThread "Sweeper thread" daemon [_thread_blocked, id=11712, stack(0x000000b357800000,0x000000b357900000)]
  0x000001cbfc345310 JavaThread "Notification Thread" daemon [_thread_blocked, id=11896, stack(0x000000b357900000,0x000000b357a00000)]
  0x000001cbfc351ab0 JavaThread "Common-Cleaner" daemon [_thread_blocked, id=11276, stack(0x000000b357b00000,0x000000b357c00000)]
  0x000001cbfc517790 JavaThread "Thread-0" [_thread_in_Java, id=876, stack(0x000000b357c00000,0x000000b357d00000)]
  0x000001cbdf202790 JavaThread "DestroyJavaVM" [_thread_blocked, id=80, stack(0x000000b356800000,0x000000b356900000)]
  0x000001cbfc677c90 JavaThread "Java2D Disposer" daemon [_thread_blocked, id=11992, stack(0x000000b357e00000,0x000000b357f00000)]
  0x000001cbfc67ac20 JavaThread "AWT-Shutdown" [_thread_blocked, id=3916, stack(0x000000b357f00000,0x000000b358000000)]
  0x000001cbfc67dbb0 JavaThread "AWT-Windows" daemon [_thread_in_native, id=1908, stack(0x000000b358000000,0x000000b358100000)]
  0x000001cbfc620810 JavaThread "Image Fetcher 3" daemon [_thread_blocked, id=1944, stack(0x000000b358700000,0x000000b358800000)]
  0x000001cbfd633dd0 JavaThread "AWT-EventQueue-0" [_thread_blocked, id=10400, stack(0x000000b358900000,0x000000b358a00000)]
  0x000001cbfd7f69f0 JavaThread "D3D Screen Updater" daemon [_thread_blocked, id=9576, stack(0x000000b358a00000,0x000000b358b00000)]

Other Threads:
  0x000001cbfc0cd270 VMThread "VM Thread" [stack: 0x000000b356f00000,0x000000b357000000] [id=10856]
  0x000001cbfc34b800 WatcherThread [stack: 0x000000b357a00000,0x000000b357b00000] [id=5680]
  0x000001cbdf255fc0 GCTaskThread "GC Thread#0" [stack: 0x000000b356a00000,0x000000b356b00000] [id=11296]
  0x000001cbfd6f1a00 GCTaskThread "GC Thread#1" [stack: 0x000000b358800000,0x000000b358900000] [id=10384]
  0x000001cbfd6f1cb0 GCTaskThread "GC Thread#2" [stack: 0x000000b358d00000,0x000000b358e00000] [id=12272]
  0x000001cbfc60aaf0 GCTaskThread "GC Thread#3" [stack: 0x000000b358e00000,0x000000b358f00000] [id=5216]
  0x000001cbdf264bc0 ConcurrentGCThread "G1 Main Marker" [stack: 0x000000b356b00000,0x000000b356c00000] [id=6312]
  0x000001cbdf2655d0 ConcurrentGCThread "G1 Conc#0" [stack: 0x000000b356c00000,0x000000b356d00000] [id=11044]
  0x000001cbdf2c8ca0 ConcurrentGCThread "G1 Refine#0" [stack: 0x000000b356d00000,0x000000b356e00000] [id=11356]
  0x000001cbfc4a0380 ConcurrentGCThread "G1 Refine#1" [stack: 0x000000b358f00000,0x000000b359000000] [id=11664]
  0x000001cbfd8f5850 ConcurrentGCThread "G1 Refine#2" [stack: 0x000000b359000000,0x000000b359100000] [id=4740]
  0x000001cbdf2c96c0 ConcurrentGCThread "G1 Service" [stack: 0x000000b356e00000,0x000000b356f00000] [id=8568]

Threads with active compile tasks:
C2 CompilerThread0     6627 1254       4       sun.util.locale.BaseLocale::getInstance (149 bytes)

VM state: not at safepoint (normal execution)

VM Mutex/Monitor currently owned by a thread: None

Heap address: 0x0000000091a00000, size: 1766 MB, Compressed Oops mode: 32-bit

CDS archive(s) mapped at: [0x000001cb80000000-0x000001cb80bd0000-0x000001cb80bd0000), size 12386304, SharedBaseAddress: 0x000001cb80000000, ArchiveRelocationMode: 1.
Compressed class space mapped at: 0x000001cb81000000-0x000001cbc1000000, reserved size: 1073741824
Narrow klass base: 0x000001cb80000000, Narrow klass shift: 0, Narrow klass range: 0x100000000

GC Precious Log:
 CPUs: 4 total, 4 available
 Memory: 7061M
 Large Page Support: Disabled
 NUMA Support: Disabled
 Compressed Oops: Enabled (32-bit)
 Heap Region Size: 1M
 Heap Min Capacity: 8M
 Heap Initial Capacity: 112M
 Heap Max Capacity: 1766M
 Pre-touch: Disabled
 Parallel Workers: 4
 Concurrent Workers: 1
 Concurrent Refinement Workers: 4
 Periodic GC: Disabled

Heap:
 garbage-first heap   total 114688K, used 7797K [0x0000000091a00000, 0x0000000100000000)
  region size 1024K, 5 young (5120K), 2 survivors (2048K)
 Metaspace       used 11777K, committed 11968K, reserved 1114112K
  class space    used 1391K, committed 1472K, reserved 1048576K

Heap Regions: E=young(eden), S=young(survivor), O=old, HS=humongous(starts), HC=humongous(continues), CS=collection set, F=free, OA=open archive, CA=closed archive, TAMS=top-at-mark-start (previous, next)
|   0|0x0000000091a00000, 0x0000000091b00000, 0x0000000091b00000|100%|HS|  |TAMS 0x0000000091a00000, 0x0000000091a00000| Complete 
|   1|0x0000000091b00000, 0x0000000091c00000, 0x0000000091c00000|100%| O|  |TAMS 0x0000000091b00000, 0x0000000091b00000| Untracked 
|   2|0x0000000091c00000, 0x0000000091d00000, 0x0000000091d00000|100%| O|  |TAMS 0x0000000091c00000, 0x0000000091c00000| Untracked 
|   3|0x0000000091d00000, 0x0000000091d9d600, 0x0000000091e00000| 61%| O|  |TAMS 0x0000000091d00000, 0x0000000091d00000| Untracked 
|   4|0x0000000091e00000, 0x0000000091e00000, 0x0000000091f00000|  0%| F|  |TAMS 0x0000000091e00000, 0x0000000091e00000| Untracked 
|   5|0x0000000091f00000, 0x0000000091f00000, 0x0000000092000000|  0%| F|  |TAMS 0x0000000091f00000, 0x0000000091f00000| Untracked 
|   6|0x0000000092000000, 0x0000000092000000, 0x0000000092100000|  0%| F|  |TAMS 0x0000000092000000, 0x0000000092000000| Untracked 
|   7|0x0000000092100000, 0x0000000092100000, 0x0000000092200000|  0%| F|  |TAMS 0x0000000092100000, 0x0000000092100000| Untracked 
|   8|0x0000000092200000, 0x0000000092200000, 0x0000000092300000|  0%| F|  |TAMS 0x0000000092200000, 0x0000000092200000| Untracked 
|   9|0x0000000092300000, 0x0000000092300000, 0x0000000092400000|  0%| F|  |TAMS 0x0000000092300000, 0x0000000092300000| Untracked 
|  10|0x0000000092400000, 0x0000000092400000, 0x0000000092500000|  0%| F|  |TAMS 0x0000000092400000, 0x0000000092400000| Untracked 
|  11|0x0000000092500000, 0x0000000092500000, 0x0000000092600000|  0%| F|  |TAMS 0x0000000092500000, 0x0000000092500000| Untracked 
|  12|0x0000000092600000, 0x0000000092600000, 0x0000000092700000|  0%| F|  |TAMS 0x0000000092600000, 0x0000000092600000| Untracked 
|  13|0x0000000092700000, 0x0000000092700000, 0x0000000092800000|  0%| F|  |TAMS 0x0000000092700000, 0x0000000092700000| Untracked 
|  14|0x0000000092800000, 0x0000000092800000, 0x0000000092900000|  0%| F|  |TAMS 0x0000000092800000, 0x0000000092800000| Untracked 
|  15|0x0000000092900000, 0x0000000092900000, 0x0000000092a00000|  0%| F|  |TAMS 0x0000000092900000, 0x0000000092900000| Untracked 
|  16|0x0000000092a00000, 0x0000000092a00000, 0x0000000092b00000|  0%| F|  |TAMS 0x0000000092a00000, 0x0000000092a00000| Untracked 
|  17|0x0000000092b00000, 0x0000000092b00000, 0x0000000092c00000|  0%| F|  |TAMS 0x0000000092b00000, 0x0000000092b00000| Untracked 
|  18|0x0000000092c00000, 0x0000000092c00000, 0x0000000092d00000|  0%| F|  |TAMS 0x0000000092c00000, 0x0000000092c00000| Untracked 
|  19|0x0000000092d00000, 0x0000000092d00000, 0x0000000092e00000|  0%| F|  |TAMS 0x0000000092d00000, 0x0000000092d00000| Untracked 
|  20|0x0000000092e00000, 0x0000000092e00000, 0x0000000092f00000|  0%| F|  |TAMS 0x0000000092e00000, 0x0000000092e00000| Untracked 
|  21|0x0000000092f00000, 0x0000000092f00000, 0x0000000093000000|  0%| F|  |TAMS 0x0000000092f00000, 0x0000000092f00000| Untracked 
|  22|0x0000000093000000, 0x0000000093000000, 0x0000000093100000|  0%| F|  |TAMS 0x0000000093000000, 0x0000000093000000| Untracked 
|  23|0x0000000093100000, 0x0000000093100000, 0x0000000093200000|  0%| F|  |TAMS 0x0000000093100000, 0x0000000093100000| Untracked 
|  24|0x0000000093200000, 0x0000000093200000, 0x0000000093300000|  0%| F|  |TAMS 0x0000000093200000, 0x0000000093200000| Untracked 
|  25|0x0000000093300000, 0x0000000093300000, 0x0000000093400000|  0%| F|  |TAMS 0x0000000093300000, 0x0000000093300000| Untracked 
|  26|0x0000000093400000, 0x0000000093400000, 0x0000000093500000|  0%| F|  |TAMS 0x0000000093400000, 0x0000000093400000| Untracked 
|  27|0x0000000093500000, 0x0000000093500000, 0x0000000093600000|  0%| F|  |TAMS 0x0000000093500000, 0x0000000093500000| Untracked 
|  28|0x0000000093600000, 0x0000000093600000, 0x0000000093700000|  0%| F|  |TAMS 0x0000000093600000, 0x0000000093600000| Untracked 
|  29|0x0000000093700000, 0x0000000093700000, 0x0000000093800000|  0%| F|  |TAMS 0x0000000093700000, 0x0000000093700000| Untracked 
|  30|0x0000000093800000, 0x0000000093800000, 0x0000000093900000|  0%| F|  |TAMS 0x0000000093800000, 0x0000000093800000| Untracked 
|  31|0x0000000093900000, 0x0000000093900000, 0x0000000093a00000|  0%| F|  |TAMS 0x0000000093900000, 0x0000000093900000| Untracked 
|  32|0x0000000093a00000, 0x0000000093a00000, 0x0000000093b00000|  0%| F|  |TAMS 0x0000000093a00000, 0x0000000093a00000| Untracked 
|  33|0x0000000093b00000, 0x0000000093b00000, 0x0000000093c00000|  0%| F|  |TAMS 0x0000000093b00000, 0x0000000093b00000| Untracked 
|  34|0x0000000093c00000, 0x0000000093c00000, 0x0000000093d00000|  0%| F|  |TAMS 0x0000000093c00000, 0x0000000093c00000| Untracked 
|  35|0x0000000093d00000, 0x0000000093d00000, 0x0000000093e00000|  0%| F|  |TAMS 0x0000000093d00000, 0x0000000093d00000| Untracked 
|  36|0x0000000093e00000, 0x0000000093e00000, 0x0000000093f00000|  0%| F|  |TAMS 0x0000000093e00000, 0x0000000093e00000| Untracked 
|  37|0x0000000093f00000, 0x0000000093f00000, 0x0000000094000000|  0%| F|  |TAMS 0x0000000093f00000, 0x0000000093f00000| Untracked 
|  38|0x0000000094000000, 0x0000000094000000, 0x0000000094100000|  0%| F|  |TAMS 0x0000000094000000, 0x0000000094000000| Untracked 
|  39|0x0000000094100000, 0x0000000094100000, 0x0000000094200000|  0%| F|  |TAMS 0x0000000094100000, 0x0000000094100000| Untracked 
|  40|0x0000000094200000, 0x0000000094200000, 0x0000000094300000|  0%| F|  |TAMS 0x0000000094200000, 0x0000000094200000| Untracked 
|  41|0x0000000094300000, 0x0000000094300000, 0x0000000094400000|  0%| F|  |TAMS 0x0000000094300000, 0x0000000094300000| Untracked 
|  42|0x0000000094400000, 0x0000000094400000, 0x0000000094500000|  0%| F|  |TAMS 0x0000000094400000, 0x0000000094400000| Untracked 
|  43|0x0000000094500000, 0x0000000094500000, 0x0000000094600000|  0%| F|  |TAMS 0x0000000094500000, 0x0000000094500000| Untracked 
|  44|0x0000000094600000, 0x0000000094600000, 0x0000000094700000|  0%| F|  |TAMS 0x0000000094600000, 0x0000000094600000| Untracked 
|  45|0x0000000094700000, 0x0000000094700000, 0x0000000094800000|  0%| F|  |TAMS 0x0000000094700000, 0x0000000094700000| Untracked 
|  46|0x0000000094800000, 0x0000000094800000, 0x0000000094900000|  0%| F|  |TAMS 0x0000000094800000, 0x0000000094800000| Untracked 
|  47|0x0000000094900000, 0x0000000094900000, 0x0000000094a00000|  0%| F|  |TAMS 0x0000000094900000, 0x0000000094900000| Untracked 
|  48|0x0000000094a00000, 0x0000000094a00000, 0x0000000094b00000|  0%| F|  |TAMS 0x0000000094a00000, 0x0000000094a00000| Untracked 
|  49|0x0000000094b00000, 0x0000000094b00000, 0x0000000094c00000|  0%| F|  |TAMS 0x0000000094b00000, 0x0000000094b00000| Untracked 
|  50|0x0000000094c00000, 0x0000000094c00000, 0x0000000094d00000|  0%| F|  |TAMS 0x0000000094c00000, 0x0000000094c00000| Untracked 
|  51|0x0000000094d00000, 0x0000000094d00000, 0x0000000094e00000|  0%| F|  |TAMS 0x0000000094d00000, 0x0000000094d00000| Untracked 
|  52|0x0000000094e00000, 0x0000000094e00000, 0x0000000094f00000|  0%| F|  |TAMS 0x0000000094e00000, 0x0000000094e00000| Untracked 
|  53|0x0000000094f00000, 0x0000000094f00000, 0x0000000095000000|  0%| F|  |TAMS 0x0000000094f00000, 0x0000000094f00000| Untracked 
|  54|0x0000000095000000, 0x0000000095000000, 0x0000000095100000|  0%| F|  |TAMS 0x0000000095000000, 0x0000000095000000| Untracked 
|  55|0x0000000095100000, 0x0000000095100000, 0x0000000095200000|  0%| F|  |TAMS 0x0000000095100000, 0x0000000095100000| Untracked 
|  56|0x0000000095200000, 0x0000000095200000, 0x0000000095300000|  0%| F|  |TAMS 0x0000000095200000, 0x0000000095200000| Untracked 
|  57|0x0000000095300000, 0x0000000095300000, 0x0000000095400000|  0%| F|  |TAMS 0x0000000095300000, 0x0000000095300000| Untracked 
|  58|0x0000000095400000, 0x0000000095400000, 0x0000000095500000|  0%| F|  |TAMS 0x0000000095400000, 0x0000000095400000| Untracked 
|  59|0x0000000095500000, 0x0000000095500000, 0x0000000095600000|  0%| F|  |TAMS 0x0000000095500000, 0x0000000095500000| Untracked 
|  60|0x0000000095600000, 0x0000000095600000, 0x0000000095700000|  0%| F|  |TAMS 0x0000000095600000, 0x0000000095600000| Untracked 
|  61|0x0000000095700000, 0x0000000095700000, 0x0000000095800000|  0%| F|  |TAMS 0x0000000095700000, 0x0000000095700000| Untracked 
|  62|0x0000000095800000, 0x0000000095800000, 0x0000000095900000|  0%| F|  |TAMS 0x0000000095800000, 0x0000000095800000| Untracked 
|  63|0x0000000095900000, 0x0000000095900000, 0x0000000095a00000|  0%| F|  |TAMS 0x0000000095900000, 0x0000000095900000| Untracked 
|  64|0x0000000095a00000, 0x0000000095a00000, 0x0000000095b00000|  0%| F|  |TAMS 0x0000000095a00000, 0x0000000095a00000| Untracked 
|  65|0x0000000095b00000, 0x0000000095b00000, 0x0000000095c00000|  0%| F|  |TAMS 0x0000000095b00000, 0x0000000095b00000| Untracked 
|  66|0x0000000095c00000, 0x0000000095c00000, 0x0000000095d00000|  0%| F|  |TAMS 0x0000000095c00000, 0x0000000095c00000| Untracked 
|  67|0x0000000095d00000, 0x0000000095d00000, 0x0000000095e00000|  0%| F|  |TAMS 0x0000000095d00000, 0x0000000095d00000| Untracked 
|  68|0x0000000095e00000, 0x0000000095e00000, 0x0000000095f00000|  0%| F|  |TAMS 0x0000000095e00000, 0x0000000095e00000| Untracked 
|  69|0x0000000095f00000, 0x0000000095f00000, 0x0000000096000000|  0%| F|  |TAMS 0x0000000095f00000, 0x0000000095f00000| Untracked 
|  70|0x0000000096000000, 0x0000000096000000, 0x0000000096100000|  0%| F|  |TAMS 0x0000000096000000, 0x0000000096000000| Untracked 
|  71|0x0000000096100000, 0x0000000096100000, 0x0000000096200000|  0%| F|  |TAMS 0x0000000096100000, 0x0000000096100000| Untracked 
|  72|0x0000000096200000, 0x0000000096200000, 0x0000000096300000|  0%| F|  |TAMS 0x0000000096200000, 0x0000000096200000| Untracked 
|  73|0x0000000096300000, 0x0000000096300000, 0x0000000096400000|  0%| F|  |TAMS 0x0000000096300000, 0x0000000096300000| Untracked 
|  74|0x0000000096400000, 0x0000000096400000, 0x0000000096500000|  0%| F|  |TAMS 0x0000000096400000, 0x0000000096400000| Untracked 
|  75|0x0000000096500000, 0x0000000096500000, 0x0000000096600000|  0%| F|  |TAMS 0x0000000096500000, 0x0000000096500000| Untracked 
|  76|0x0000000096600000, 0x0000000096600000, 0x0000000096700000|  0%| F|  |TAMS 0x0000000096600000, 0x0000000096600000| Untracked 
|  77|0x0000000096700000, 0x0000000096700000, 0x0000000096800000|  0%| F|  |TAMS 0x0000000096700000, 0x0000000096700000| Untracked 
|  78|0x0000000096800000, 0x0000000096800000, 0x0000000096900000|  0%| F|  |TAMS 0x0000000096800000, 0x0000000096800000| Untracked 
|  79|0x0000000096900000, 0x0000000096900000, 0x0000000096a00000|  0%| F|  |TAMS 0x0000000096900000, 0x0000000096900000| Untracked 
|  80|0x0000000096a00000, 0x0000000096a00000, 0x0000000096b00000|  0%| F|  |TAMS 0x0000000096a00000, 0x0000000096a00000| Untracked 
|  81|0x0000000096b00000, 0x0000000096b00000, 0x0000000096c00000|  0%| F|  |TAMS 0x0000000096b00000, 0x0000000096b00000| Untracked 
|  82|0x0000000096c00000, 0x0000000096c00000, 0x0000000096d00000|  0%| F|  |TAMS 0x0000000096c00000, 0x0000000096c00000| Untracked 
|  83|0x0000000096d00000, 0x0000000096d00000, 0x0000000096e00000|  0%| F|  |TAMS 0x0000000096d00000, 0x0000000096d00000| Untracked 
|  84|0x0000000096e00000, 0x0000000096e00000, 0x0000000096f00000|  0%| F|  |TAMS 0x0000000096e00000, 0x0000000096e00000| Untracked 
|  85|0x0000000096f00000, 0x0000000096f00000, 0x0000000097000000|  0%| F|  |TAMS 0x0000000096f00000, 0x0000000096f00000| Untracked 
|  86|0x0000000097000000, 0x0000000097000000, 0x0000000097100000|  0%| F|  |TAMS 0x0000000097000000, 0x0000000097000000| Untracked 
|  87|0x0000000097100000, 0x0000000097100000, 0x0000000097200000|  0%| F|  |TAMS 0x0000000097100000, 0x0000000097100000| Untracked 
|  88|0x0000000097200000, 0x0000000097200000, 0x0000000097300000|  0%| F|  |TAMS 0x0000000097200000, 0x0000000097200000| Untracked 
|  89|0x0000000097300000, 0x0000000097300000, 0x0000000097400000|  0%| F|  |TAMS 0x0000000097300000, 0x0000000097300000| Untracked 
|  90|0x0000000097400000, 0x0000000097400000, 0x0000000097500000|  0%| F|  |TAMS 0x0000000097400000, 0x0000000097400000| Untracked 
|  91|0x0000000097500000, 0x0000000097500000, 0x0000000097600000|  0%| F|  |TAMS 0x0000000097500000, 0x0000000097500000| Untracked 
|  92|0x0000000097600000, 0x0000000097600000, 0x0000000097700000|  0%| F|  |TAMS 0x0000000097600000, 0x0000000097600000| Untracked 
|  93|0x0000000097700000, 0x0000000097700000, 0x0000000097800000|  0%| F|  |TAMS 0x0000000097700000, 0x0000000097700000| Untracked 
|  94|0x0000000097800000, 0x0000000097800000, 0x0000000097900000|  0%| F|  |TAMS 0x0000000097800000, 0x0000000097800000| Untracked 
|  95|0x0000000097900000, 0x0000000097900000, 0x0000000097a00000|  0%| F|  |TAMS 0x0000000097900000, 0x0000000097900000| Untracked 
|  96|0x0000000097a00000, 0x0000000097a00000, 0x0000000097b00000|  0%| F|  |TAMS 0x0000000097a00000, 0x0000000097a00000| Untracked 
|  97|0x0000000097b00000, 0x0000000097c00000, 0x0000000097c00000|100%| S|CS|TAMS 0x0000000097b00000, 0x0000000097b00000| Complete 
|  98|0x0000000097c00000, 0x0000000097d00000, 0x0000000097d00000|100%| S|CS|TAMS 0x0000000097c00000, 0x0000000097c00000| Complete 
|  99|0x0000000097d00000, 0x0000000097d00000, 0x0000000097e00000|  0%| F|  |TAMS 0x0000000097d00000, 0x0000000097d00000| Untracked 
| 100|0x0000000097e00000, 0x0000000097e00000, 0x0000000097f00000|  0%| F|  |TAMS 0x0000000097e00000, 0x0000000097e00000| Untracked 
| 101|0x0000000097f00000, 0x0000000097f00000, 0x0000000098000000|  0%| F|  |TAMS 0x0000000097f00000, 0x0000000097f00000| Untracked 
| 102|0x0000000098000000, 0x0000000098000000, 0x0000000098100000|  0%| F|  |TAMS 0x0000000098000000, 0x0000000098000000| Untracked 
| 103|0x0000000098100000, 0x0000000098100000, 0x0000000098200000|  0%| F|  |TAMS 0x0000000098100000, 0x0000000098100000| Untracked 
| 104|0x0000000098200000, 0x0000000098200000, 0x0000000098300000|  0%| F|  |TAMS 0x0000000098200000, 0x0000000098200000| Untracked 
| 105|0x0000000098300000, 0x0000000098300000, 0x0000000098400000|  0%| F|  |TAMS 0x0000000098300000, 0x0000000098300000| Untracked 
| 106|0x0000000098400000, 0x0000000098400000, 0x0000000098500000|  0%| F|  |TAMS 0x0000000098400000, 0x0000000098400000| Untracked 
| 107|0x0000000098500000, 0x0000000098500000, 0x0000000098600000|  0%| F|  |TAMS 0x0000000098500000, 0x0000000098500000| Untracked 
| 108|0x0000000098600000, 0x0000000098600000, 0x0000000098700000|  0%| F|  |TAMS 0x0000000098600000, 0x0000000098600000| Untracked 
| 109|0x0000000098700000, 0x00000000987bbef0, 0x0000000098800000| 73%| E|  |TAMS 0x0000000098700000, 0x0000000098700000| Complete 
| 110|0x0000000098800000, 0x0000000098900000, 0x0000000098900000|100%| E|CS|TAMS 0x0000000098800000, 0x0000000098800000| Complete 
| 111|0x0000000098900000, 0x0000000098a00000, 0x0000000098a00000|100%| E|CS|TAMS 0x0000000098900000, 0x0000000098900000| Complete 

Card table byte_map: [0x000001cbf5e30000,0x000001cbf61b0000] _byte_map_base: 0x000001cbf59a3000

Marking Bits (Prev, Next): (CMBitMap*) 0x000001cbdf2565d0, (CMBitMap*) 0x000001cbdf256610
 Prev Bits: [0x000001cbf6530000, 0x000001cbf80c8000)
 Next Bits: [0x000001cbf80d0000, 0x000001cbf9c68000)

Polling page: 0x000001cbde9e0000

Metaspace:

Usage:
  Non-class:     10.15 MB used.
      Class:      1.36 MB used.
       Both:     11.51 MB used.

Virtual space:
  Non-class space:       64.00 MB reserved,      10.25 MB ( 16%) committed,  1 nodes.
      Class space:        1.00 GB reserved,       1.44 MB ( <1%) committed,  1 nodes.
             Both:        1.06 GB reserved,      11.69 MB (  1%) committed. 

Chunk freelists:
   Non-Class:  4.86 MB
       Class:  14.58 MB
        Both:  19.44 MB

MaxMetaspaceSize: unlimited
CompressedClassSpaceSize: 1.00 GB
Initial GC threshold: 21.00 MB
Current GC threshold: 21.00 MB
CDS: on
MetaspaceReclaimPolicy: balanced
 - commit_granule_bytes: 65536.
 - commit_granule_words: 8192.
 - virtual_space_node_default_size: 8388608.
 - enlarge_chunks_in_place: 1.
 - new_chunks_are_fully_committed: 0.
 - uncommit_free_chunks: 1.
 - use_allocation_guard: 0.
 - handle_deallocations: 1.


Internal statistics:

num_allocs_failed_limit: 0.
num_arena_births: 128.
num_arena_deaths: 0.
num_vsnodes_births: 2.
num_vsnodes_deaths: 0.
num_space_committed: 187.
num_space_uncommitted: 0.
num_chunks_returned_to_freelist: 0.
num_chunks_taken_from_freelist: 214.
num_chunk_merges: 0.
num_chunk_splits: 112.
num_chunks_enlarged: 40.
num_purges: 0.
num_inconsistent_stats: 0.

CodeHeap 'non-profiled nmethods': size=120000Kb used=419Kb max_used=419Kb free=119580Kb
 bounds [0x000001cbee580000, 0x000001cbee7f0000, 0x000001cbf5ab0000]
CodeHeap 'profiled nmethods': size=120000Kb used=2386Kb max_used=2386Kb free=117613Kb
 bounds [0x000001cbe6ab0000, 0x000001cbe6d20000, 0x000001cbedfe0000]
CodeHeap 'non-nmethods': size=5760Kb used=1312Kb max_used=1324Kb free=4447Kb
 bounds [0x000001cbedfe0000, 0x000001cbee250000, 0x000001cbee580000]
 total_blobs=2012 nmethods=1362 adapters=563
 compilation: enabled
              stopped_count=0, restarted_count=0
 full_count=0

Compilation events (20 events):
Event: 6.555 Thread 0x000001cbfc1507f0 nmethod 1312 0x000001cbe6ce6e10 code [0x000001cbe6ce7060, 0x000001cbe6ce7b48]
Event: 6.561 Thread 0x000001cbfc1507f0 1314       3       java.lang.Class::getReflectionFactory (26 bytes)
Event: 6.562 Thread 0x000001cbfc1507f0 nmethod 1314 0x000001cbe6ce7e90 code [0x000001cbe6ce80c0, 0x000001cbe6ce8898]
Event: 6.563 Thread 0x000001cbfc1507f0 1315       3       java.lang.System$2::findBootstrapClassOrNull (5 bytes)
Event: 6.564 Thread 0x000001cbfc1507f0 nmethod 1315 0x000001cbe6ce8b90 code [0x000001cbe6ce8d40, 0x000001cbe6ce8f58]
Event: 6.567 Thread 0x000001cbfc1507f0 1317       3       java.nio.Buffer::clear (20 bytes)
Event: 6.567 Thread 0x000001cbfc1507f0 nmethod 1317 0x000001cbe6ce9090 code [0x000001cbe6ce9220, 0x000001cbe6ce9338]
Event: 6.567 Thread 0x000001cbfc1507f0 1318       3       java.util.Properties$LineReader::readLine (584 bytes)
Event: 6.570 Thread 0x000001cbfc1507f0 nmethod 1318 0x000001cbe6ce9410 code [0x000001cbe6ce97c0, 0x000001cbe6cec038]
Event: 6.570 Thread 0x000001cbfc1507f0 1319       3       java.util.logging.LogManager$LoggerContext::requiresDefaultLoggers (29 bytes)
Event: 6.570 Thread 0x000001cbfc1507f0 nmethod 1319 0x000001cbe6cecc10 code [0x000001cbe6cecdc0, 0x000001cbe6cecfe8]
Event: 6.573 Thread 0x000001cbfc1507f0 1320       3       java.beans.PropertyChangeSupport::firePropertyChange (35 bytes)
Event: 6.574 Thread 0x000001cbfc1507f0 nmethod 1320 0x000001cbe6ced110 code [0x000001cbe6ced300, 0x000001cbe6cedaa8]
Event: 6.574 Thread 0x000001cbfc1507f0 1321       3       java.util.ArrayDeque::inc (12 bytes)
Event: 6.574 Thread 0x000001cbfc1507f0 nmethod 1321 0x000001cbe6cedd10 code [0x000001cbe6cedea0, 0x000001cbe6cedfd8]
Event: 6.580 Thread 0x000001cbfc1507f0 1322       1       java.awt.Component::isPreferredSizeSet (5 bytes)
Event: 6.581 Thread 0x000001cbfc1507f0 nmethod 1322 0x000001cbee5e6390 code [0x000001cbee5e6520, 0x000001cbee5e65f8]
Event: 6.582 Thread 0x000001cbfc1507f0 1323       3       java.awt.Insets::<init> (26 bytes)
Event: 6.583 Thread 0x000001cbfc1507f0 nmethod 1323 0x000001cbe6cee090 code [0x000001cbe6cee220, 0x000001cbe6cee398]
Event: 6.583 Thread 0x000001cbfc1507f0 1324       3       javax.swing.JComponent::revalidate (53 bytes)

GC Heap History (2 events):
Event: 6.307 GC heap before
{Heap before GC invocations=0 (full 0):
 garbage-first heap   total 114688K, used 14336K [0x0000000091a00000, 0x0000000100000000)
  region size 1024K, 13 young (13312K), 0 survivors (0K)
 Metaspace       used 8975K, committed 9152K, reserved 1114112K
  class space    used 990K, committed 1088K, reserved 1048576K
}
Event: 6.314 GC heap after
{Heap after GC invocations=1 (full 0):
 garbage-first heap   total 114688K, used 5749K [0x0000000091a00000, 0x0000000100000000)
  region size 1024K, 2 young (2048K), 2 survivors (2048K)
 Metaspace       used 8975K, committed 9152K, reserved 1114112K
  class space    used 990K, committed 1088K, reserved 1048576K
}

Deoptimization events (20 events):
Event: 6.422 Thread 0x000001cbfc517790 Uncommon trap: trap_request=0xffffffde fr.pc=0x000001cbee5df478 relative=0x0000000000000438
Event: 6.422 Thread 0x000001cbfc517790 Uncommon trap: reason=class_check action=maybe_recompile pc=0x000001cbee5df478 method=java.util.HashMap.getNode(Ljava/lang/Object;)Ljava/util/HashMap$Node; @ 128 c2
Event: 6.422 Thread 0x000001cbfc517790 DEOPT PACKING pc=0x000001cbee5df478 sp=0x000000b357cfe0f0
Event: 6.422 Thread 0x000001cbfc517790 DEOPT UNPACKING pc=0x000001cbee0323a3 sp=0x000000b357cfe008 mode 2
Event: 6.422 Thread 0x000001cbfc517790 Uncommon trap: trap_request=0xffffffde fr.pc=0x000001cbee5df478 relative=0x0000000000000438
Event: 6.422 Thread 0x000001cbfc517790 Uncommon trap: reason=class_check action=maybe_recompile pc=0x000001cbee5df478 method=java.util.HashMap.getNode(Ljava/lang/Object;)Ljava/util/HashMap$Node; @ 128 c2
Event: 6.422 Thread 0x000001cbfc517790 DEOPT PACKING pc=0x000001cbee5df478 sp=0x000000b357cfe0f0
Event: 6.422 Thread 0x000001cbfc517790 DEOPT UNPACKING pc=0x000001cbee0323a3 sp=0x000000b357cfe008 mode 2
Event: 6.422 Thread 0x000001cbfc517790 Uncommon trap: trap_request=0xffffffde fr.pc=0x000001cbee5c7370 relative=0x0000000000000430
Event: 6.422 Thread 0x000001cbfc517790 Uncommon trap: reason=class_check action=maybe_recompile pc=0x000001cbee5c7370 method=java.util.HashMap.getNode(Ljava/lang/Object;)Ljava/util/HashMap$Node; @ 128 c2
Event: 6.422 Thread 0x000001cbfc517790 DEOPT PACKING pc=0x000001cbee5c7370 sp=0x000000b357cfe080
Event: 6.422 Thread 0x000001cbfc517790 DEOPT UNPACKING pc=0x000001cbee0323a3 sp=0x000000b357cfe008 mode 2
Event: 6.483 Thread 0x000001cbfc620810 Uncommon trap: trap_request=0xffffff45 fr.pc=0x000001cbee5b88a8 relative=0x0000000000000888
Event: 6.484 Thread 0x000001cbfc620810 Uncommon trap: reason=unstable_if action=reinterpret pc=0x000001cbee5b88a8 method=sun.awt.image.PNGImageDecoder.filterRow([B[BIII)V @ 4 c2
Event: 6.484 Thread 0x000001cbfc620810 DEOPT PACKING pc=0x000001cbee5b88a8 sp=0x000000b3587ff0c0
Event: 6.484 Thread 0x000001cbfc620810 DEOPT UNPACKING pc=0x000001cbee0323a3 sp=0x000000b3587feff8 mode 2
Event: 6.549 Thread 0x000001cbfc517790 Uncommon trap: trap_request=0xffffff45 fr.pc=0x000001cbee5d9ff4 relative=0x0000000000000254
Event: 6.549 Thread 0x000001cbfc517790 Uncommon trap: reason=unstable_if action=reinterpret pc=0x000001cbee5d9ff4 method=java.util.concurrent.ConcurrentHashMap.get(Ljava/lang/Object;)Ljava/lang/Object; @ 76 c2
Event: 6.549 Thread 0x000001cbfc517790 DEOPT PACKING pc=0x000001cbee5d9ff4 sp=0x000000b357cfd580
Event: 6.549 Thread 0x000001cbfc517790 DEOPT UNPACKING pc=0x000001cbee0323a3 sp=0x000000b357cfd4f8 mode 2

Classes unloaded (0 events):
No events

Classes redefined (0 events):
No events

Internal exceptions (18 events):
Event: 0.433 Thread 0x000001cbfc517790 Exception <a 'java/lang/ClassNotFoundException'{0x00000000987a0f10}: sun/awt/resources/spi/awtProvider> (0x00000000987a0f10) 
thrown [s\open\src\hotspot\share\classfile\systemDictionary.cpp, line 256]
Event: 0.498 Thread 0x000001cbfc517790 Exception <a 'java/io/FileNotFoundException'{0x000000009865e7e0}> (0x000000009865e7e0) 
thrown [s\open\src\hotspot\share\prims\jni.cpp, line 516]
Event: 0.541 Thread 0x000001cbfc517790 Exception <a 'java/io/FileNotFoundException'{0x000000009868b9e0}> (0x000000009868b9e0) 
thrown [s\open\src\hotspot\share\prims\jni.cpp, line 516]
Event: 0.626 Thread 0x000001cbfc517790 Exception <a 'java/lang/NoSuchMethodError'{0x0000000098516178}: 'java.lang.Object java.lang.invoke.DirectMethodHandle$Holder.invokeStaticInit(java.lang.Object)'> (0x0000000098516178) 
thrown [s\open\src\hotspot\share\interpreter\linkResolver.cpp, line 759]
Event: 0.738 Thread 0x000001cbfc517790 Exception <a 'java/lang/NoSuchMethodError'{0x00000000985a4268}: 'void java.lang.invoke.DirectMethodHandle$Holder.invokeSpecial(java.lang.Object, java.lang.Object, java.lang.Object)'> (0x00000000985a4268) 
thrown [s\open\src\hotspot\share\interpreter\linkResolver.cpp, line 759]
Event: 0.751 Thread 0x000001cbfc517790 Exception <a 'java/lang/NoSuchMethodError'{0x00000000985ce688}: 'java.lang.Object java.lang.invoke.DirectMethodHandle$Holder.newInvokeSpecial(java.lang.Object, java.lang.Object, java.lang.Object, java.lang.Object, java.lang.Object)'> (0x00000000985ce688) 
thrown [s\open\src\hotspot\share\interpreter\linkResolver.cpp, line 759]
Event: 0.754 Thread 0x000001cbfc517790 Exception <a 'java/lang/NoSuchMethodError'{0x00000000985da050}: 'java.lang.Object java.lang.invoke.DirectMethodHandle$Holder.invokeStatic(java.lang.Object, int, java.lang.Object, java.lang.Object, java.lang.Object, java.lang.Object)'> (0x00000000985da050) 
thrown [s\open\src\hotspot\share\interpreter\linkResolver.cpp, line 759]
Event: 0.760 Thread 0x000001cbfc517790 Exception <a 'java/lang/NoSuchMethodError'{0x00000000985ff810}: 'java.lang.Object java.lang.invoke.DirectMethodHandle$Holder.invokeStatic(java.lang.Object, int, java.lang.Object)'> (0x00000000985ff810) 
thrown [s\open\src\hotspot\share\interpreter\linkResolver.cpp, line 759]
Event: 0.812 Thread 0x000001cbfc517790 Exception <a 'java/lang/ClassNotFoundException'{0x00000000984b8380}: com/sun/swing/internal/plaf/metal/resources/spi/metalProvider> (0x00000000984b8380) 
thrown [s\open\src\hotspot\share\classfile\systemDictionary.cpp, line 256]
Event: 0.814 Thread 0x000001cbfc517790 Exception <a 'java/lang/ClassNotFoundException'{0x00000000984bc228}: com/sun/swing/internal/plaf/basic/resources/spi/basicProvider> (0x00000000984bc228) 
thrown [s\open\src\hotspot\share\classfile\systemDictionary.cpp, line 256]
Event: 0.914 Thread 0x000001cbfc620810 Exception <a 'java/lang/NoSuchMethodError'{0x0000000098281850}: 'java.lang.Object java.lang.invoke.DirectMethodHandle$Holder.newInvokeSpecial(java.lang.Object, java.lang.Object, java.lang.Object, int, int, int, int, int)'> (0x0000000098281850) 
thrown [s\open\src\hotspot\share\interpreter\linkResolver.cpp, line 759]
Event: 0.979 Thread 0x000001cbfc620810 Exception <a 'java/lang/InterruptedException'{0x00000000981bca60}: sleep interrupted> (0x00000000981bca60) 
thrown [s\open\src\hotspot\share\prims\jvm.cpp, line 3044]
Event: 1.015 Thread 0x000001cbfc517790 Exception <a 'java/lang/NoSuchMethodError'{0x000000009800e5f0}: 'void java.lang.invoke.DirectMethodHandle$Holder.invokeStaticInit(java.lang.Object)'> (0x000000009800e5f0) 
thrown [s\open\src\hotspot\share\interpreter\linkResolver.cpp, line 759]
Event: 1.096 Thread 0x000001cbfc67dbb0 Exception <a 'java/lang/NoSuchMethodError'{0x0000000098552508}: 'void java.lang.invoke.DirectMethodHandle$Holder.invokeVirtual(java.lang.Object, java.lang.Object)'> (0x0000000098552508) 
thrown [s\open\src\hotspot\share\interpreter\linkResolver.cpp, line 759]
Event: 6.214 Thread 0x000001cbfc620810 Exception <a 'java/lang/InterruptedException'{0x0000000097eb34d8}: sleep interrupted> (0x0000000097eb34d8) 
thrown [s\open\src\hotspot\share\prims\jvm.cpp, line 3044]
Event: 6.294 Thread 0x000001cbfc517790 Exception <a 'java/lang/NoSuchMethodError'{0x0000000097df0240}: 'java.lang.Object java.lang.invoke.DirectMethodHandle$Holder.invokeStaticInit(java.lang.Object, int, int, int, int)'> (0x0000000097df0240) 
thrown [s\open\src\hotspot\share\interpreter\linkResolver.cpp, line 759]
Event: 6.366 Thread 0x000001cbfc517790 Exception <a 'java/lang/NoSuchMethodError'{0x0000000098928d48}: 'java.lang.Object java.lang.invoke.DirectMethodHandle$Holder.invokeStaticInit(java.lang.Object, java.lang.Object, int, int, int, int)'> (0x0000000098928d48) 
thrown [s\open\src\hotspot\share\interpreter\linkResolver.cpp, line 759]
Event: 6.562 Thread 0x000001cbfc517790 Exception <a 'java/lang/NoClassDefFoundError'{0x000000009873fcf0}: org/apache/log4j/Category> (0x000000009873fcf0) 
thrown [s\open\src\hotspot\share\classfile\systemDictionary.cpp, line 245]

VM Operations (20 events):
Event: 1.141 Executing VM operation: Cleanup
Event: 1.141 Executing VM operation: Cleanup done
Event: 2.142 Executing VM operation: Cleanup
Event: 2.142 Executing VM operation: Cleanup done
Event: 3.152 Executing VM operation: Cleanup
Event: 3.152 Executing VM operation: Cleanup done
Event: 6.190 Executing VM operation: Cleanup
Event: 6.190 Executing VM operation: Cleanup done
Event: 6.267 Executing VM operation: HandshakeAllThreads
Event: 6.267 Executing VM operation: HandshakeAllThreads done
Event: 6.272 Executing VM operation: HandshakeAllThreads
Event: 6.272 Executing VM operation: HandshakeAllThreads done
Event: 6.276 Executing VM operation: HandshakeAllThreads
Event: 6.276 Executing VM operation: HandshakeAllThreads done
Event: 6.307 Executing VM operation: G1CollectForAllocation
Event: 6.314 Executing VM operation: G1CollectForAllocation done
Event: 6.324 Executing VM operation: HandshakeAllThreads
Event: 6.324 Executing VM operation: HandshakeAllThreads done
Event: 6.442 Executing VM operation: HandshakeAllThreads
Event: 6.442 Executing VM operation: HandshakeAllThreads done

Events (20 events):
Event: 6.545 loading class jdk/internal/org/objectweb/asm/Edge
Event: 6.545 loading class jdk/internal/org/objectweb/asm/Edge done
Event: 6.548 loading class java/lang/reflect/Proxy$ProxyBuilder$1
Event: 6.549 loading class java/lang/reflect/Proxy$ProxyBuilder$1 done
Event: 6.549 loading class java/lang/annotation/Target
Event: 6.549 loading class java/lang/annotation/Target done
Event: 6.551 loading class java/lang/CloneNotSupportedException
Event: 6.551 loading class java/lang/CloneNotSupportedException done
Event: 6.557 loading class java/lang/ExceptionInInitializerError
Event: 6.558 loading class java/lang/ExceptionInInitializerError done
Event: 6.559 loading class java/io/StringWriter
Event: 6.559 loading class java/io/StringWriter done
Event: 6.568 loading class java/util/concurrent/PriorityBlockingQueue
Event: 6.569 loading class java/util/concurrent/PriorityBlockingQueue done
Event: 6.580 loading class javax/swing/event/ListDataEvent
Event: 6.580 loading class javax/swing/event/ListDataEvent done
Event: 6.580 loading class java/awt/event/ItemEvent
Event: 6.580 loading class java/awt/event/ItemEvent done
Event: 6.581 loading class javax/swing/event/ListSelectionEvent
Event: 6.581 loading class javax/swing/event/ListSelectionEvent done


Dynamic libraries:
0x00007ff6a7810000 - 0x00007ff6a7820000 	C:\Program Files\Java\jdk-17\bin\java.exe
0x00007ff98c250000 - 0x00007ff98c448000 	C:\WINDOWS\SYSTEM32\ntdll.dll
0x00007ff98b590000 - 0x00007ff98b64d000 	C:\WINDOWS\System32\KERNEL32.DLL
0x00007ff989930000 - 0x00007ff989c26000 	C:\WINDOWS\System32\KERNELBASE.dll
0x00007ff98a060000 - 0x00007ff98a160000 	C:\WINDOWS\System32\ucrtbase.dll
0x00007ff978950000 - 0x00007ff978969000 	C:\Program Files\Java\jdk-17\bin\jli.dll
0x00007ff98b6e0000 - 0x00007ff98b78e000 	C:\WINDOWS\System32\ADVAPI32.dll
0x00007ff98c050000 - 0x00007ff98c0ee000 	C:\WINDOWS\System32\msvcrt.dll
0x00007ff98b860000 - 0x00007ff98b8fc000 	C:\WINDOWS\System32\sechost.dll
0x00007ff98a310000 - 0x00007ff98a436000 	C:\WINDOWS\System32\RPCRT4.dll
0x00007ff98be90000 - 0x00007ff98c02e000 	C:\WINDOWS\System32\USER32.dll
0x00007ff98a030000 - 0x00007ff98a052000 	C:\WINDOWS\System32\win32u.dll
0x00007ff98b6b0000 - 0x00007ff98b6dc000 	C:\WINDOWS\System32\GDI32.dll
0x00007ff989ce0000 - 0x00007ff989dfa000 	C:\WINDOWS\System32\gdi32full.dll
0x00007ff989e00000 - 0x00007ff989e9d000 	C:\WINDOWS\System32\msvcp_win.dll
0x00007ff967930000 - 0x00007ff96794b000 	C:\Program Files\Java\jdk-17\bin\VCRUNTIME140.dll
0x00007ff971010000 - 0x00007ff9712aa000 	C:\WINDOWS\WinSxS\amd64_microsoft.windows.common-controls_6595b64144ccf1df_6.0.19041.1110_none_60b5254171f9507e\COMCTL32.dll
0x00007ff97e9c0000 - 0x00007ff97e9ca000 	C:\WINDOWS\SYSTEM32\VERSION.dll
0x00007ff98a440000 - 0x00007ff98a470000 	C:\WINDOWS\System32\IMM32.DLL
0x00007ff9765e0000 - 0x00007ff9765ec000 	C:\Program Files\Java\jdk-17\bin\vcruntime140_1.dll
0x00007ff9679a0000 - 0x00007ff967a2e000 	C:\Program Files\Java\jdk-17\bin\msvcp140.dll
0x00007ff927a90000 - 0x00007ff92866e000 	C:\Program Files\Java\jdk-17\bin\server\jvm.dll
0x00007ff98a630000 - 0x00007ff98a638000 	C:\WINDOWS\System32\PSAPI.DLL
0x00007ff972550000 - 0x00007ff972559000 	C:\WINDOWS\SYSTEM32\WSOCK32.dll
0x00007ff98be20000 - 0x00007ff98be8b000 	C:\WINDOWS\System32\WS2_32.dll
0x00007ff97e990000 - 0x00007ff97e9b7000 	C:\WINDOWS\SYSTEM32\WINMM.dll
0x00007ff987780000 - 0x00007ff987792000 	C:\WINDOWS\SYSTEM32\kernel.appcore.dll
0x00007ff972700000 - 0x00007ff97270a000 	C:\Program Files\Java\jdk-17\bin\jimage.dll
0x00007ff9814c0000 - 0x00007ff9816a4000 	C:\WINDOWS\SYSTEM32\DBGHELP.DLL
0x00007ff97e7c0000 - 0x00007ff97e7f4000 	C:\WINDOWS\SYSTEM32\dbgcore.DLL
0x00007ff98a1d0000 - 0x00007ff98a252000 	C:\WINDOWS\System32\bcryptPrimitives.dll
0x00007ff9678c0000 - 0x00007ff9678e5000 	C:\Program Files\Java\jdk-17\bin\java.dll
0x00007ff9559d0000 - 0x00007ff955aa7000 	C:\Program Files\Java\jdk-17\bin\jsvml.dll
0x00007ff98ad50000 - 0x00007ff98b495000 	C:\WINDOWS\System32\SHELL32.dll
0x00007ff987980000 - 0x00007ff98811b000 	C:\WINDOWS\SYSTEM32\windows.storage.dll
0x00007ff98a6f0000 - 0x00007ff98aa44000 	C:\WINDOWS\System32\combase.dll
0x00007ff9892a0000 - 0x00007ff9892ce000 	C:\WINDOWS\SYSTEM32\Wldp.dll
0x00007ff98bd70000 - 0x00007ff98be1d000 	C:\WINDOWS\System32\SHCORE.dll
0x00007ff98b530000 - 0x00007ff98b585000 	C:\WINDOWS\System32\shlwapi.dll
0x00007ff989860000 - 0x00007ff989885000 	C:\WINDOWS\SYSTEM32\profapi.dll
0x00007ff96afb0000 - 0x00007ff96afc9000 	C:\Program Files\Java\jdk-17\bin\net.dll
0x00007ff981100000 - 0x00007ff98120a000 	C:\WINDOWS\SYSTEM32\WINHTTP.dll
0x00007ff989000000 - 0x00007ff98906a000 	C:\WINDOWS\system32\mswsock.dll
0x00007ff9678a0000 - 0x00007ff9678b6000 	C:\Program Files\Java\jdk-17\bin\nio.dll
0x00007ff9664c0000 - 0x00007ff9664d8000 	C:\Program Files\Java\jdk-17\bin\zip.dll
0x00007ff978930000 - 0x00007ff97894c000 	C:\Program Files\swipl\bin\jpl.dll
0x00007ff978780000 - 0x00007ff978797000 	C:\Program Files\swipl\bin\libwinpthread-1.dll
0x00007ff977f20000 - 0x00007ff9780a7000 	C:\Program Files\swipl\bin\libswipl.dll
0x00007ff978700000 - 0x00007ff978779000 	C:\Program Files\swipl\bin\libgcc_s_seh-1.dll
0x00007ff978670000 - 0x00007ff9786f5000 	C:\Program Files\swipl\bin\libgmp-10.dll
0x00007ff977ef0000 - 0x00007ff977f15000 	C:\Program Files\swipl\bin\zlib1.dll
0x00007ff978650000 - 0x00007ff97866e000 	C:\Program Files\swipl\bin\libssp-0.dll
0x00007ff9891f0000 - 0x00007ff989208000 	C:\WINDOWS\SYSTEM32\CRYPTSP.dll
0x00007ff9888d0000 - 0x00007ff988904000 	C:\WINDOWS\system32\rsaenh.dll
0x00007ff98a000000 - 0x00007ff98a027000 	C:\WINDOWS\System32\bcrypt.dll
0x00007ff989210000 - 0x00007ff98921c000 	C:\WINDOWS\SYSTEM32\CRYPTBASE.dll
0x00007ff955e70000 - 0x00007ff956001000 	C:\Program Files\Java\jdk-17\bin\awt.dll
0x00007ff98b790000 - 0x00007ff98b85d000 	C:\WINDOWS\System32\OLEAUT32.dll
0x00007ff987180000 - 0x00007ff987211000 	C:\WINDOWS\SYSTEM32\apphelp.dll
0x00007ff9875a0000 - 0x00007ff9875cf000 	C:\WINDOWS\system32\DWMAPI.DLL
0x00007ff9872b0000 - 0x00007ff98734e000 	C:\WINDOWS\system32\uxtheme.dll
0x00007ff96c9e0000 - 0x00007ff96cb05000 	C:\WINDOWS\system32\opengl32.dll
0x00007ff96c550000 - 0x00007ff96c57c000 	C:\WINDOWS\SYSTEM32\GLU32.dll
0x00007ff98c0f0000 - 0x00007ff98c204000 	C:\WINDOWS\System32\MSCTF.dll
0x00007ff98a500000 - 0x00007ff98a62a000 	C:\WINDOWS\System32\ole32.dll
0x00007ff96d2b0000 - 0x00007ff96d47d000 	C:\WINDOWS\system32\d3d9.dll
0x00007ff97ead0000 - 0x00007ff97ec88000 	C:\WINDOWS\System32\DriverStore\FileRepository\u0372791.inf_amd64_621505ff768b464e\B372529\aticfx64.dll
0x00007ff977eb0000 - 0x00007ff977ee4000 	C:\WINDOWS\System32\DriverStore\FileRepository\u0372791.inf_amd64_621505ff768b464e\B372529\atiu9p64.dll
0x00007ff929ef0000 - 0x00007ff92ac44000 	C:\WINDOWS\System32\DriverStore\FileRepository\u0372791.inf_amd64_621505ff768b464e\B372529\atiumd64.dll
0x00000000668a0000 - 0x0000000067715000 	C:\WINDOWS\System32\DriverStore\FileRepository\u0372791.inf_amd64_621505ff768b464e\B372529\atiumd6a.dll
0x00007ff98b900000 - 0x00007ff98bd6e000 	C:\WINDOWS\System32\SETUPAPI.dll
0x00007ff98a260000 - 0x00007ff98a2ae000 	C:\WINDOWS\System32\cfgmgr32.dll
0x00007ff989790000 - 0x00007ff9897db000 	C:\WINDOWS\SYSTEM32\POWRPROF.dll
0x00007ff989770000 - 0x00007ff989782000 	C:\WINDOWS\SYSTEM32\UMPDC.dll
0x00007ff97aef0000 - 0x00007ff97af20000 	C:\WINDOWS\SYSTEM32\amdihk64.dll
0x00007ff9802b0000 - 0x00007ff9802eb000 	C:\WINDOWS\SYSTEM32\dxcore.dll
0x00007ff957860000 - 0x00007ff9578e6000 	C:\Program Files\Java\jdk-17\bin\freetype.dll
0x00007ff955b80000 - 0x00007ff955c53000 	C:\Program Files\Java\jdk-17\bin\fontmanager.dll
0x00007ff978230000 - 0x00007ff97825e000 	C:\Program Files\Java\jdk-17\bin\javajpeg.dll
0x00007ff979d50000 - 0x00007ff979e4a000 	C:\WINDOWS\SYSTEM32\textinputframework.dll
0x00007ff986b90000 - 0x00007ff986eee000 	C:\WINDOWS\System32\CoreUIComponents.dll
0x00007ff986ef0000 - 0x00007ff986fe2000 	C:\WINDOWS\System32\CoreMessaging.dll
0x00007ff988a00000 - 0x00007ff988a33000 	C:\WINDOWS\SYSTEM32\ntmarta.dll
0x00007ff986470000 - 0x00007ff9865c5000 	C:\WINDOWS\SYSTEM32\wintypes.dll
0x00007ff964dc0000 - 0x00007ff964e26000 	C:\WINDOWS\system32\Oleacc.dll
0x00007ff9897e0000 - 0x00007ff98980e000 	C:\WINDOWS\SYSTEM32\USERENV.dll
0x00007ff988cd0000 - 0x00007ff988d0b000 	C:\WINDOWS\SYSTEM32\IPHLPAPI.DLL
0x00007ff98aa50000 - 0x00007ff98aa58000 	C:\WINDOWS\System32\NSI.dll
0x00007ff982a50000 - 0x00007ff982a67000 	C:\WINDOWS\SYSTEM32\dhcpcsvc6.DLL
0x00007ff982a10000 - 0x00007ff982a2d000 	C:\WINDOWS\SYSTEM32\dhcpcsvc.DLL
0x00007ff988d10000 - 0x00007ff988dda000 	C:\WINDOWS\SYSTEM32\DNSAPI.dll
0x00007ff96a160000 - 0x00007ff96a170000 	C:\Program Files\Java\jdk-17\bin\verify.dll

dbghelp: loaded successfully - version: 4.0.5 - missing functions: none
symbol engine: initialized successfully - sym options: 0x614 - pdb path: .;C:\Program Files\Java\jdk-17\bin;C:\WINDOWS\SYSTEM32;C:\WINDOWS\WinSxS\amd64_microsoft.windows.common-controls_6595b64144ccf1df_6.0.19041.1110_none_60b5254171f9507e;C:\Program Files\Java\jdk-17\bin\server;C:\Program Files\swipl\bin;C:\WINDOWS\System32\DriverStore\FileRepository\u0372791.inf_amd64_621505ff768b464e\B372529

VM Arguments:
jvm_args: -Dfile.encoding=UTF-8 
java_command: logic.LookingPlace
java_class_path (initial): C:\Users\Oscar Carpio\Desktop\Erick\Ciclo02-2023\Declarativa\Tarea 1\tarea1_Declarativa\LookingPlace\commons-logging-1.1.3.jar;C:\Users\Oscar Carpio\Desktop\Erick\Ciclo02-2023\Declarativa\Tarea 1\tarea1_Declarativa\LookingPlace\jxmapviewer2-2.5.jar;C:\Users\Oscar Carpio\Desktop\Erick\Ciclo02-2023\Declarativa\Tarea 1\tarea1_Declarativa\LookingPlace\graphhopper lib\commons-compiler-3.1.2.jar;C:\Users\Oscar Carpio\Desktop\Erick\Ciclo02-2023\Declarativa\Tarea 1\tarea1_Declarativa\LookingPlace\graphhopper lib\commons-io-1.3.1.jar;C:\Users\Oscar Carpio\Desktop\Erick\Ciclo02-2023\Declarativa\Tarea 1\tarea1_Declarativa\LookingPlace\graphhopper lib\graphhopper-core-5.3.jar;C:\Users\Oscar Carpio\Desktop\Erick\Ciclo02-2023\Declarativa\Tarea 1\tarea1_Declarativa\LookingPlace\graphhopper lib\graphhopper-web-api-5.3.jar;C:\Users\Oscar Carpio\Desktop\Erick\Ciclo02-2023\Declarativa\Tarea 1\tarea1_Declarativa\LookingPlace\graphhopper lib\hppc-0.8.1.jar;C:\Users\Oscar Carpio\Desktop\Erick\Ciclo02-2023\Declarativa\Tarea 1\tarea1_Declarativa\LookingPlace\graphhopper lib\jackson-annotations-2.10.5.jar;C:\Users\Oscar Carpio\Desktop\Erick\Ciclo02-2023\Declarativa\Tarea 1\tarea1_Declarativa\LookingPlace\graphhopper lib\jackson-core-2.10.5.jar;C:\Users\Oscar Carpio\Desktop\Erick\Ciclo02-2023\Declarativa\Tarea 1\tarea1_Declarativa\LookingPlace\graphhopper lib\jackson-databind-2.10.5.1.jar;C:\Users\Oscar Carpio\Desktop\Erick\Ciclo02-2023\Declarativa\Tarea 1\tarea1_Declarativa\LookingPlace\graphhopper lib\jackson-dataformat-xml-2.10.5.jar;C:\Users\Oscar Carpio\Desktop\Erick\Ciclo02-2023\Declarativa\Tarea 1\tarea1_Declarativa\LookingPlace\graphhopper lib\jackson-datatype-jts-0.12-2.5-1.jar;C:\Users\Oscar Carpio\Desktop\Erick\Ciclo02-2023\Declarativa\Tarea 1\tarea1_Declarativa\LookingPlace\graphhopper lib\jackson-module-jaxb-annotations-2.10.5.jar;C:\Users\Oscar Carpio\Desktop\Erick\Ciclo02-2023\Declarativa\Tarea 1\tarea1_Declarativa\LookingPlace\graphhopper lib\jaka
Launcher Type: SUN_STANDARD

[Global flags]
     intx CICompilerCount                          = 3                                         {product} {ergonomic}
     uint ConcGCThreads                            = 1                                         {product} {ergonomic}
     uint G1ConcRefinementThreads                  = 4                                         {product} {ergonomic}
   size_t G1HeapRegionSize                         = 1048576                                   {product} {ergonomic}
    uintx GCDrainStackTargetSize                   = 64                                        {product} {ergonomic}
   size_t InitialHeapSize                          = 117440512                                 {product} {ergonomic}
   size_t MarkStackSize                            = 4194304                                   {product} {ergonomic}
   size_t MaxHeapSize                              = 1851785216                                {product} {ergonomic}
   size_t MaxNewSize                               = 1110441984                                {product} {ergonomic}
   size_t MinHeapDeltaBytes                        = 1048576                                   {product} {ergonomic}
   size_t MinHeapSize                              = 8388608                                   {product} {ergonomic}
    uintx NonNMethodCodeHeapSize                   = 5832780                                {pd product} {ergonomic}
    uintx NonProfiledCodeHeapSize                  = 122912730                              {pd product} {ergonomic}
    uintx ProfiledCodeHeapSize                     = 122912730                              {pd product} {ergonomic}
    uintx ReservedCodeCacheSize                    = 251658240                              {pd product} {ergonomic}
     bool SegmentedCodeCache                       = true                                      {product} {ergonomic}
   size_t SoftMaxHeapSize                          = 1851785216                             {manageable} {ergonomic}
     bool UseCompressedClassPointers               = true                           {product lp64_product} {ergonomic}
     bool UseCompressedOops                        = true                           {product lp64_product} {ergonomic}
     bool UseG1GC                                  = true                                      {product} {ergonomic}
     bool UseLargePagesIndividualAllocation        = false                                  {pd product} {ergonomic}

Logging:
Log output configuration:
 #0: stdout all=warning uptime,level,tags
 #1: stderr all=off uptime,level,tags

Environment Variables:
PATH=C:\Program Files\Common Files\Oracle\Java\javapath;C:\Python310\Scripts\;C:\Python310\;C:\Oracle\WINDOWS.X64_193000_db_home\bin;C:\WINDOWS\system32;C:\WINDOWS;C:\WINDOWS\System32\Wbem;C:\WINDOWS\System32\WindowsPowerShell\v1.0\;C:\WINDOWS\System32\OpenSSH\;C:\Program Files\dotnet\;C:\Program Files\Git\cmd;C:\ProgramData\chocolatey\bin;C:\Program Files\nodejs\;C:\NASM;C:\MinGW\bin;C:\Program Files (x86)\DOSBox-0.74-3;C:\Users\Oscar Carpio\Desktop\vckp\vcpkg;C:\PuTTY\;C:\Gradle\gradle-8.1.1\bin;C:\Program Files\swipl\bin;C:\Users\Oscar Carpio\AppData\Local\Microsoft\WindowsApps;C:\Program Files\JetBrains\JetBrains Rider 2021.1.2\bin;;C:\Program Files\Azure Data Studio\bin;C:\Users\Oscar Carpio\AppData\Roaming\npm;C:\Program Files\MongoDB\Server\5.0\bin;C:\Users\Oscar Carpio\.dotnet\tools;C:\Program Files\heroku\bin;C:\MinGW\bin;C:\Microsoft VS Code\bin;C:\Program Files\JetBrains\GoLand 2023.2.2\bin;
USERNAME=Oscar Carpio
OS=Windows_NT
PROCESSOR_IDENTIFIER=AMD64 Family 23 Model 17 Stepping 0, AuthenticAMD



---------------  S Y S T E M  ---------------

OS:
 Windows 10 , 64 bit Build 19041 (10.0.19041.3393)
OS uptime: 0 days 0:25 hours
Hyper-V role detected

CPU: total 4 (initial active 4) (4 cores per cpu, 2 threads per core) family 23 model 17 stepping 0 microcode 0x0, cx8, cmov, fxsr, ht, mmx, 3dnowpref, sse, sse2, sse3, ssse3, sse4a, sse4.1, sse4.2, popcnt, lzcnt, tsc, tscinvbit, avx, avx2, aes, clmul, bmi1, bmi2, adx, sha, fma, vzeroupper, clflush, clflushopt, hv

Memory: 4k page, system-wide physical 7061M (1188M free)
TotalPageFile size 8061M (AvailPageFile size 5M)
current process WorkingSet (physical memory assigned to process): 126M, peak: 126M
current process commit charge ("private bytes"): 260M, peak: 260M

vm_info: Java HotSpot(TM) 64-Bit Server VM (17.0.8+9-LTS-211) for windows-amd64 JRE (17.0.8+9-LTS-211), built on Jun 14 2023 10:34:31 by "mach5one" with MS VC++ 17.1 (VS2022)

END.
